INFO [2019-05-09 02:35:19] [[1]]
INFO [2019-05-09 02:35:19] VENN.LIST
INFO [2019-05-09 02:35:19] 
INFO [2019-05-09 02:35:19] [[2]]
INFO [2019-05-09 02:35:19] NULL
INFO [2019-05-09 02:35:19] 
INFO [2019-05-09 02:35:19] $fill
INFO [2019-05-09 02:35:19] c("darkmagenta", "darkblue")
INFO [2019-05-09 02:35:19] 
INFO [2019-05-09 02:35:19] $alpha
INFO [2019-05-09 02:35:19] c(0.5, 0.5)
INFO [2019-05-09 02:35:19] 
INFO [2019-05-09 02:35:19] $cex
INFO [2019-05-09 02:35:19] [1] 2
INFO [2019-05-09 02:35:19] 
INFO [2019-05-09 02:35:19] $cat.fontface
INFO [2019-05-09 02:35:19] [1] 4
INFO [2019-05-09 02:35:19] 
INFO [2019-05-09 02:35:19] $main
INFO [2019-05-09 02:35:19] [1] "overlap of coxph and log-rank test"
INFO [2019-05-09 02:35:19] 
